SF:lib/src/features/list_of_post/data/models/post_model.dart
DA:6,1
DA:13,2
DA:14,1
DA:15,1
DA:16,1
DA:17,1
DA:20,3
DA:22,1
DA:23,5
LF:9
LH:9
end_of_record
SF:lib/src/features/list_of_post/domain/entities/post_entity.dart
DA:9,6
DA:16,1
DA:17,1
DA:18,1
DA:19,1
DA:20,1
DA:21,1
LF:7
LH:7
end_of_record
SF:lib/src/features/list_of_post/presentation/providers/cubit/list_post_cubit.dart
DA:10,3
DA:13,3
DA:14,3
DA:19,3
DA:20,3
DA:22,6
DA:24,3
DA:25,2
DA:26,2
DA:28,3
DA:29,6
LF:11
LH:11
end_of_record
SF:lib/src/common/helpers/http/dio_http_helper.dart
DA:11,0
DA:14,0
DA:20,0
DA:22,0
DA:23,0
DA:30,0
DA:37,0
DA:43,0
DA:44,0
DA:45,0
DA:47,0
DA:48,0
DA:53,0
DA:61,0
DA:62,0
DA:63,0
DA:64,0
DA:66,0
DA:70,0
DA:76,0
DA:84,0
DA:86,0
DA:87,0
DA:88,0
DA:90,0
DA:93,0
DA:98,0
DA:102,0
DA:105,0
DA:107,0
DA:110,0
DA:111,0
DA:112,0
DA:113,0
DA:117,0
DA:118,0
DA:120,0
DA:123,0
DA:130,0
DA:131,0
DA:132,0
DA:133,0
DA:134,0
DA:135,0
DA:138,0
DA:139,0
DA:144,0
DA:145,0
DA:151,0
LF:49
LH:0
end_of_record
SF:lib/src/common/helpers/http/http_response.dart
DA:2,0
LF:1
LH:0
end_of_record
SF:lib/src/common/helpers/http/http_response_error.dart
DA:2,2
LF:1
LH:1
end_of_record
SF:lib/src/features/list_of_post/presentation/providers/cubit/list_post_state.dart
LF:0
LH:0
end_of_record
SF:lib/src/features/list_of_post/presentation/screens/principal_list_body.dart
DA:7,2
DA:9,2
DA:11,2
DA:12,2
DA:13,2
DA:14,0
DA:15,2
DA:16,4
DA:17,2
DA:19,2
DA:22,2
DA:23,4
DA:24,2
DA:25,2
DA:28,2
DA:32,1
LF:16
LH:15
end_of_record
SF:lib/src/features/list_of_post/presentation/widgets/post_blog_card_widget.dart
DA:4,3
DA:13,3
DA:15,3
DA:18,1
DA:19,1
DA:21,3
DA:24,3
DA:25,3
DA:28,3
DA:29,12
DA:30,3
DA:33,3
DA:34,3
DA:36,6
DA:37,3
DA:39,3
DA:40,3
DA:41,3
DA:52,3
DA:53,3
DA:60,3
DA:61,3
DA:68,3
DA:70,0
DA:71,0
DA:73,3
DA:74,3
DA:75,3
DA:77,6
DA:80,3
DA:83,3
DA:91,3
DA:92,3
DA:93,3
LF:34
LH:32
end_of_record
SF:lib/src/features/list_of_post/presentation/screens/list_of_post_screen.dart
DA:5,1
DA:7,1
LF:2
LH:2
end_of_record
